<?xml version="1.0" encoding="UTF-8"?>
<testng-results skipped="0" failed="0" total="0" passed="0">
  <reporter-output>
  </reporter-output>
  <suite name="com.biofourmis.cucumber.helpers.RunnerTest" duration-ms="2" started-at="2021-04-14T12:05:47Z" finished-at="2021-04-14T12:05:47Z">
    <groups>
    </groups>
    <test name="Command line test" duration-ms="2" started-at="2021-04-14T12:05:47Z" finished-at="2021-04-14T12:05:47Z">
    </test> <!-- Command line test -->
  </suite> <!-- com.biofourmis.cucumber.helpers.RunnerTest -->
</testng-results>
